<?xml version="1.0" encoding="UTF-8"?>
<!-- Generated by org.testng.reporters.JUnitXMLReporter -->
<testsuite ignored="0" hostname="DESKTOP-UOBU6AE" failures="0" tests="6" name="Default test" time="11.595" errors="0" timestamp="2024-05-16T13:47:07 IST">
  <testcase classname="api.test.DDTests" name="testPostUser" time="3.387"/>
  <testcase classname="api.test.DDTests" name="testPostUser" time="1.331"/>
  <testcase classname="api.test.DDTests" name="testPostUser" time="1.278"/>
  <testcase classname="api.test.DDTests" name="testDeleteUserByName" time="1.33"/>
  <testcase classname="api.test.DDTests" name="testDeleteUserByName" time="1.326"/>
  <testcase classname="api.test.DDTests" name="testDeleteUserByName" time="1.261"/>
</testsuite> <!-- Default test -->
