<?xml version="1.0" encoding="UTF-8"?>
<!-- Generated by org.testng.reporters.JUnitXMLReporter -->
<testsuite ignored="0" hostname="DESKTOP-UOBU6AE" failures="0" tests="4" name="Test" time="9.744" errors="0" timestamp="2024-05-16T15:57:05 IST">
  <testcase classname="api.test.UserTests2" name="testPostUser" time="3.376"/>
  <testcase classname="api.test.UserTests2" name="testGetUserByName" time="1.342"/>
  <testcase classname="api.test.UserTests2" name="testUpdateUserByName" time="2.574"/>
  <testcase classname="api.test.UserTests2" name="testDeleteUserByName" time="1.258"/>
</testsuite> <!-- Test -->
