<?xml version="1.0" encoding="UTF-8"?>
<!-- Generated by org.testng.reporters.JUnitXMLReporter -->
<testsuite ignored="0" hostname="DESKTOP-UOBU6AE" failures="0" tests="4" name="Test" time="9.853" errors="0" timestamp="2024-05-16T16:27:51 IST">
  <testcase classname="api.test.UserTests2" name="testPostUser" time="3.416"/>
  <testcase classname="api.test.UserTests2" name="testGetUserByName" time="1.368"/>
  <testcase classname="api.test.UserTests2" name="testUpdateUserByName" time="2.617"/>
  <testcase classname="api.test.UserTests2" name="testDeleteUserByName" time="1.257"/>
</testsuite> <!-- Test -->
