<?xml version="1.0" encoding="UTF-8"?>
<testng-results ignored="0" total="4" passed="4" failed="0" skipped="0">
  <reporter-output>
  </reporter-output>
  <suite started-at="2024-05-16T16:27:41 IST" name="Suite" finished-at="2024-05-16T16:27:50 IST" duration-ms="9853">
    <groups>
    </groups>
    <test started-at="2024-05-16T16:27:41 IST" name="Test" finished-at="2024-05-16T16:27:50 IST" duration-ms="9853">
      <class name="api.test.UserTests2">
        <test-method is-config="true" signature="setup()[pri:0, instance:api.test.UserTests2@76b1e9b8]" started-at="2024-05-16T16:27:41 IST" name="setup" finished-at="2024-05-16T16:27:42 IST" duration-ms="820" status="PASS">
          <reporter-output>
          </reporter-output>
        </test-method> <!-- setup -->
        <test-method signature="testPostUser()[pri:1, instance:api.test.UserTests2@76b1e9b8]" started-at="2024-05-16T16:27:42 IST" name="testPostUser" finished-at="2024-05-16T16:27:45 IST" duration-ms="3416" status="PASS">
          <reporter-output>
          </reporter-output>
        </test-method> <!-- testPostUser -->
        <test-method signature="testGetUserByName()[pri:2, instance:api.test.UserTests2@76b1e9b8]" started-at="2024-05-16T16:27:45 IST" name="testGetUserByName" finished-at="2024-05-16T16:27:47 IST" duration-ms="1368" status="PASS">
          <reporter-output>
          </reporter-output>
        </test-method> <!-- testGetUserByName -->
        <test-method signature="testUpdateUserByName()[pri:3, instance:api.test.UserTests2@76b1e9b8]" started-at="2024-05-16T16:27:47 IST" name="testUpdateUserByName" finished-at="2024-05-16T16:27:49 IST" duration-ms="2617" status="PASS">
          <reporter-output>
          </reporter-output>
        </test-method> <!-- testUpdateUserByName -->
        <test-method signature="testDeleteUserByName()[pri:4, instance:api.test.UserTests2@76b1e9b8]" started-at="2024-05-16T16:27:49 IST" name="testDeleteUserByName" finished-at="2024-05-16T16:27:50 IST" duration-ms="1257" status="PASS">
          <reporter-output>
          </reporter-output>
        </test-method> <!-- testDeleteUserByName -->
      </class> <!-- api.test.UserTests2 -->
    </test> <!-- Test -->
  </suite> <!-- Suite -->
</testng-results>
